[    0.000000] Linux version 4.15.0-193-generic (buildd@lcy02-amd64-022) (gcc version 7.5.0 (Ubuntu 7.5.0-3ubuntu1~18.04)) #204-Ubuntu SMP Fri Aug 26 19:20:21 UTC 2022 (Ubuntu 4.15.0-193.204-generic 4.15.18)
[    0.000000] Command line: BOOT_IMAGE=/boot/vmlinuz-4.15.0-193-generic root=LABEL=cloudimg-rootfs ro console=tty1 console=ttyS0
[    0.000000] KERNEL supported cpus:
[    0.000000]   Intel GenuineIntel
[    0.000000]   AMD AuthenticAMD
[    0.000000]   Centaur CentaurHauls
[    0.000000] x86/fpu: Supporting XSAVE feature 0x001: 'x87 floating point registers'
[    0.000000] x86/fpu: Supporting XSAVE feature 0x002: 'SSE registers'
[    0.000000] x86/fpu: Supporting XSAVE feature 0x004: 'AVX registers'
[    0.000000] x86/fpu: xstate_offset[2]:  576, xstate_sizes[2]:  256
[    0.000000] x86/fpu: Enabled xstate features 0x7, context size is 832 bytes, using 'standard' format.
[    0.000000] e820: BIOS-provided physical RAM map:
[    0.000000] BIOS-e820: [mem 0x0000000000000000-0x000000000009fbff] usable
[    0.000000] BIOS-e820: [mem 0x000000000009fc00-0x000000000009ffff] reserved
[    0.000000] BIOS-e820: [mem 0x00000000000f0000-0x00000000000fffff] reserved
[    0.000000] BIOS-e820: [mem 0x0000000000100000-0x00000000c7feffff] usable
[    0.000000] BIOS-e820: [mem 0x00000000c7ff0000-0x00000000c7ffffff] ACPI data
[    0.000000] BIOS-e820: [mem 0x00000000fec00000-0x00000000fec00fff] reserved
[    0.000000] BIOS-e820: [mem 0x00000000fee00000-0x00000000fee00fff] reserved
[    0.000000] BIOS-e820: [mem 0x00000000fffc0000-0x00000000ffffffff] reserved
[    0.000000] NX (Execute Disable) protection: active
[    0.000000] SMBIOS 2.5 present.
[    0.000000] DMI: innotek GmbH VirtualBox/VirtualBox, BIOS VirtualBox 12/01/2006
[    0.000000] Hypervisor detected: KVM
[    0.000000] e820: last_pfn = 0xc7ff0 max_arch_pfn = 0x400000000
[    0.000000] MTRR: Disabled
[    0.000000] x86/PAT: MTRRs disabled, skipping PAT initialization too.
[    0.000000] CPU MTRRs all blank - virtualized system.
[    0.000000] x86/PAT: Configuration [0-7]: WB  WT  UC- UC  WB  WT  UC- UC  
[    0.000000] found SMP MP-table at [mem 0x0009fff0-0x0009ffff]
[    0.000000] Scanning 1 areas for low memory corruption
[    0.000000] RAMDISK: [mem 0x3581b000-0x36c04fff]
[    0.000000] ACPI: Early table checksum verification disabled
[    0.000000] ACPI: RSDP 0x00000000000E0000 000024 (v02 VBOX  )
[    0.000000] ACPI: XSDT 0x00000000C7FF0030 00003C (v01 VBOX   VBOXXSDT 00000001 ASL  00000061)
[    0.000000] ACPI: FACP 0x00000000C7FF00F0 0000F4 (v04 VBOX   VBOXFACP 00000001 ASL  00000061)
[    0.000000] ACPI: DSDT 0x00000000C7FF0470 002325 (v02 VBOX   VBOXBIOS 00000002 INTL 20120111)
[    0.000000] ACPI: FACS 0x00000000C7FF0200 000040
[    0.000000] ACPI: FACS 0x00000000C7FF0200 000040
[    0.000000] ACPI: APIC 0x00000000C7FF0240 00005C (v02 VBOX   VBOXAPIC 00000001 ASL  00000061)
[    0.000000] ACPI: SSDT 0x00000000C7FF02A0 0001CC (v01 VBOX   VBOXCPUT 00000002 INTL 20120111)
[    0.000000] ACPI: Reserving FACP table memory at [mem 0xc7ff00f0-0xc7ff01e3]
[    0.000000] ACPI: Reserving DSDT table memory at [mem 0xc7ff0470-0xc7ff2794]
[    0.000000] ACPI: Reserving FACS table memory at [mem 0xc7ff0200-0xc7ff023f]
[    0.000000] ACPI: Reserving FACS table memory at [mem 0xc7ff0200-0xc7ff023f]
[    0.000000] ACPI: Reserving APIC table memory at [mem 0xc7ff0240-0xc7ff029b]
[    0.000000] ACPI: Reserving SSDT table memory at [mem 0xc7ff02a0-0xc7ff046b]
[    0.000000] No NUMA configuration found
[    0.000000] Faking a node at [mem 0x0000000000000000-0x00000000c7feffff]
[    0.000000] NODE_DATA(0) allocated [mem 0xc7fc5000-0xc7feffff]
[    0.000000] kvm-clock: cpu 0, msr 0:c7f44001, primary cpu clock
[    0.000000] kvm-clock: Using msrs 4b564d01 and 4b564d00
[    0.000000] kvm-clock: using sched offset of 4312277340 cycles
[    0.000000] clocksource: kvm-clock: mask: 0xffffffffffffffff max_cycles: 0x1cd42e4dffb, max_idle_ns: 881590591483 ns
[    0.000000] Zone ranges:
[    0.000000]   DMA      [mem 0x0000000000001000-0x0000000000ffffff]
[    0.000000]   DMA32    [mem 0x0000000001000000-0x00000000c7feffff]
[    0.000000]   Normal   empty
[    0.000000]   Device   empty
[    0.000000] Movable zone start for each node
[    0.000000] Early memory node ranges
[    0.000000]   node   0: [mem 0x0000000000001000-0x000000000009efff]
[    0.000000]   node   0: [mem 0x0000000000100000-0x00000000c7feffff]
[    0.000000] Reserved but unavailable: 104 pages
[    0.000000] Initmem setup node 0 [mem 0x0000000000001000-0x00000000c7feffff]
[    0.000000] ACPI: PM-Timer IO Port: 0x4008
[    0.000000] IOAPIC[0]: apic_id 2, version 32, address 0xfec00000, GSI 0-23
[    0.000000] ACPI: INT_SRC_OVR (bus 0 bus_irq 0 global_irq 2 dfl dfl)
[    0.000000] ACPI: INT_SRC_OVR (bus 0 bus_irq 9 global_irq 9 low level)
[    0.000000] Using ACPI (MADT) for SMP configuration information
[    0.000000] smpboot: Allowing 2 CPUs, 0 hotplug CPUs
[    0.000000] PM: Registered nosave memory: [mem 0x00000000-0x00000fff]
[    0.000000] PM: Registered nosave memory: [mem 0x0009f000-0x0009ffff]
[    0.000000] PM: Registered nosave memory: [mem 0x000a0000-0x000effff]
[    0.000000] PM: Registered nosave memory: [mem 0x000f0000-0x000fffff]
[    0.000000] e820: [mem 0xc8000000-0xfebfffff] available for PCI devices
[    0.000000] Booting paravirtualized kernel on KVM
[    0.000000] clocksource: refined-jiffies: mask: 0xffffffff max_cycles: 0xffffffff, max_idle_ns: 7645519600211568 ns
[    0.000000] random: get_random_bytes called from start_kernel+0x99/0x500 with crng_init=0
[    0.000000] setup_percpu: NR_CPUS:8192 nr_cpumask_bits:2 nr_cpu_ids:2 nr_node_ids:1
[    0.000000] percpu: Embedded 50 pages/cpu s167936 r8192 d28672 u1048576
[    0.000000] PV qspinlock hash table entries: 256 (order: 0, 4096 bytes)
[    0.000000] Built 1 zonelists, mobility grouping on.  Total pages: 806265
[    0.000000] Policy zone: DMA32
[    0.000000] Kernel command line: BOOT_IMAGE=/boot/vmlinuz-4.15.0-193-generic root=LABEL=cloudimg-rootfs ro console=tty1 console=ttyS0
[    0.000000] Memory: 3175192K/3276344K available (12300K kernel code, 2484K rwdata, 4324K rodata, 2468K init, 2724K bss, 101152K reserved, 0K cma-reserved)
[    0.000000] SLUB: HWalign=64, Order=0-3, MinObjects=0, CPUs=2, Nodes=1
[    0.000000] Kernel/User page tables isolation: enabled
[    0.000000] ftrace: allocating 39483 entries in 155 pages
[    0.004000] Hierarchical RCU implementation.
[    0.004000] 	RCU restricting CPUs from NR_CPUS=8192 to nr_cpu_ids=2.
[    0.004000] 	Tasks RCU enabled.
[    0.004000] RCU: Adjusting geometry for rcu_fanout_leaf=16, nr_cpu_ids=2
[    0.004000] NR_IRQS: 524544, nr_irqs: 440, preallocated irqs: 16
[    0.004000] Console: colour VGA+ 80x25
[    0.004000] console [tty1] enabled
[    0.004000] console [ttyS0] enabled
[    0.004000] ACPI: Core revision 20170831
[    0.004000] ACPI: 2 ACPI AML tables successfully acquired and loaded
[    0.004000] APIC: Switch to symmetric I/O mode setup
[    0.004000] x2apic enabled
[    0.004000] Switched APIC routing to physical x2apic.
[    0.005543] ..TIMER: vector=0x30 apic1=0 pin1=2 apic2=-1 pin2=-1
[    0.008003] tsc: Detected 2400.000 MHz processor
[    0.012009] Calibrating delay loop (skipped) preset value.. 4800.00 BogoMIPS (lpj=9600000)
[    0.013854] pid_max: default: 32768 minimum: 301
[    0.015257] Security Framework initialized
[    0.016017] Yama: becoming mindful.
[    0.016680] AppArmor: AppArmor initialized
[    0.018854] Dentry cache hash table entries: 524288 (order: 10, 4194304 bytes)
[    0.021053] Inode-cache hash table entries: 262144 (order: 9, 2097152 bytes)
[    0.022213] Mount-cache hash table entries: 8192 (order: 4, 65536 bytes)
[    0.024006] Mountpoint-cache hash table entries: 8192 (order: 4, 65536 bytes)
[    0.026461] Last level iTLB entries: 4KB 64, 2MB 8, 4MB 8
[    0.027363] Last level dTLB entries: 4KB 64, 2MB 0, 4MB 0, 1GB 4
[    0.028003] Spectre V1 : Mitigation: usercopy/swapgs barriers and __user pointer sanitization
[    0.029543] Spectre V2 : Mitigation: Retpolines
[    0.030301] Spectre V2 : Spectre v2 / SpectreRSB mitigation: Filling RSB on context switch
[    0.032001] Speculative Store Bypass: Vulnerable
[    0.033592] MDS: Mitigation: Clear CPU buffers
[    0.034435] MMIO Stale Data: Mitigation: Clear CPU buffers
[    0.035396] SRBDS: Unknown: Dependent on hypervisor status
[    0.036141] Freeing SMP alternatives memory: 36K
[    0.147260] smpboot: CPU0: Intel(R) Core(TM) i9-9980HK CPU @ 2.40GHz (family: 0x6, model: 0x9e, stepping: 0xd)
[    0.148000] Performance Events: unsupported p6 CPU model 158 no PMU driver, software events only.
[    0.148000] Hierarchical SRCU implementation.
[    0.148698] NMI watchdog: Perf event create on CPU 0 failed with -2
[    0.152002] NMI watchdog: Perf NMI watchdog permanently disabled
[    0.153869] smp: Bringing up secondary CPUs ...
[    0.156062] x86: Booting SMP configuration:
[    0.156868] .... node  #0, CPUs:      #1
[    0.004000] kvm-clock: cpu 1, msr 0:c7f44041, secondary cpu clock
[    0.160014] smp: Brought up 1 node, 2 CPUs
[    0.161005] smpboot: Max logical packages: 1
[    0.161994] smpboot: Total of 2 processors activated (9600.00 BogoMIPS)
[    0.164126] devtmpfs: initialized
[    0.165171] x86/mm: Memory block size: 128MB
[    0.166182] evm: security.selinux
[    0.168002] evm: security.SMACK64
[    0.168576] evm: security.SMACK64EXEC
[    0.169199] evm: security.SMACK64TRANSMUTE
[    0.169984] evm: security.SMACK64MMAP
[    0.170603] evm: security.apparmor
[    0.171182] evm: security.ima
[    0.171744] evm: security.capability
[    0.172095] clocksource: jiffies: mask: 0xffffffff max_cycles: 0xffffffff, max_idle_ns: 7645041785100000 ns
[    0.173846] futex hash table entries: 512 (order: 3, 32768 bytes)
[    0.174851] pinctrl core: initialized pinctrl subsystem
[    0.176072] RTC time: 17:38:25, date: 11/22/22
[    0.176931] NET: Registered protocol family 16
[    0.177824] audit: initializing netlink subsys (disabled)
[    0.180017] audit: type=2000 audit(1669138711.162:1): state=initialized audit_enabled=0 res=1
[    0.180123] cpuidle: using governor ladder
[    0.181134] cpuidle: using governor menu
[    0.184059] ACPI: bus type PCI registered
[    0.185482] acpiphp: ACPI Hot Plug PCI Controller Driver version: 0.5
[    0.188164] PCI: Using configuration type 1 for base access
[    0.189850] HugeTLB registered 2.00 MiB page size, pre-allocated 0 pages
[    0.192047] ACPI: Added _OSI(Module Device)
[    0.192872] ACPI: Added _OSI(Processor Device)
[    0.193691] ACPI: Added _OSI(3.0 _SCP Extensions)
[    0.194538] ACPI: Added _OSI(Processor Aggregator Device)
[    0.196002] ACPI: Added _OSI(Linux-Dell-Video)
[    0.196801] ACPI: Added _OSI(Linux-Lenovo-NV-HDMI-Audio)
[    0.197801] ACPI: Added _OSI(Linux-HPI-Hybrid-Graphics)
[    0.199196] ACPI: Executed 1 blocks of module-level executable AML code
[    0.202397] ACPI: Interpreter enabled
[    0.204009] ACPI: (supports S0 S5)
[    0.204705] ACPI: Using IOAPIC for interrupt routing
[    0.205678] PCI: Using host bridge windows from ACPI; if necessary, use "pci=nocrs" and report a bug
[    0.208155] ACPI: Enabled 2 GPEs in block 00 to 07
[    0.214536] ACPI: PCI Root Bridge [PCI0] (domain 0000 [bus 00-ff])
[    0.215538] acpi PNP0A03:00: _OSC: OS supports [ASPM ClockPM Segments MSI]
[    0.216352] acpi PNP0A03:00: _OSC: not requesting OS control; OS requires [ExtendedConfig ASPM ClockPM MSI]
[    0.218117] acpi PNP0A03:00: fail to add MMCONFIG information, can't access extended PCI configuration space under this bridge.
[    0.220384] PCI host bridge to bus 0000:00
[    0.221441] pci_bus 0000:00: root bus resource [io  0x0000-0x0cf7 window]
[    0.224003] pci_bus 0000:00: root bus resource [io  0x0d00-0xffff window]
[    0.225567] pci_bus 0000:00: root bus resource [mem 0x000a0000-0x000bffff window]
[    0.226808] pci_bus 0000:00: root bus resource [mem 0xc8000000-0xfdffffff window]
[    0.228003] pci_bus 0000:00: root bus resource [bus 00-ff]
[    0.231031] pci 0000:00:01.1: legacy IDE quirk: reg 0x10: [io  0x01f0-0x01f7]
[    0.232002] pci 0000:00:01.1: legacy IDE quirk: reg 0x14: [io  0x03f6]
[    0.233435] pci 0000:00:01.1: legacy IDE quirk: reg 0x18: [io  0x0170-0x0177]
[    0.236002] pci 0000:00:01.1: legacy IDE quirk: reg 0x1c: [io  0x0376]
[    0.256953] pci 0000:00:07.0: quirk: [io  0x4000-0x403f] claimed by PIIX4 ACPI
[    0.258470] pci 0000:00:07.0: quirk: [io  0x4100-0x410f] claimed by PIIX4 SMB
[    0.272190] ACPI: PCI Interrupt Link [LNKA] (IRQs 5 9 10 *11)
[    0.274411] ACPI: PCI Interrupt Link [LNKB] (IRQs 5 9 *10 11)
[    0.275694] ACPI: PCI Interrupt Link [LNKC] (IRQs 5 *9 10 11)
[    0.276105] ACPI: PCI Interrupt Link [LNKD] (IRQs 5 9 10 *11)
[    0.277363] SCSI subsystem initialized
[    0.278060] pci 0000:00:02.0: vgaarb: setting as boot VGA device
[    0.278060] pci 0000:00:02.0: vgaarb: VGA device added: decodes=io+mem,owns=io+mem,locks=none
[    0.280008] pci 0000:00:02.0: vgaarb: bridge control possible
[    0.280988] vgaarb: loaded
[    0.281503] ACPI: bus type USB registered
[    0.282492] usbcore: registered new interface driver usbfs
[    0.284014] usbcore: registered new interface driver hub
[    0.284916] usbcore: registered new device driver usb
[    0.285815] EDAC MC: Ver: 3.0.0
[    0.285815] PCI: Using ACPI for IRQ routing
[    0.288280] NetLabel: Initializing
[    0.288886] NetLabel:  domain hash size = 128
[    0.289669] NetLabel:  protocols = UNLABELED CIPSOv4 CALIPSO
[    0.291242] NetLabel:  unlabeled traffic allowed by default
[    0.292092] clocksource: Switched to clocksource kvm-clock
[    0.303739] VFS: Disk quotas dquot_6.6.0
[    0.305174] VFS: Dquot-cache hash table entries: 512 (order 0, 4096 bytes)
[    0.306812] AppArmor: AppArmor Filesystem Enabled
[    0.307628] pnp: PnP ACPI init
[    0.309303] pnp: PnP ACPI: found 3 devices
[    0.317848] clocksource: acpi_pm: mask: 0xffffff max_cycles: 0xffffff, max_idle_ns: 2085701024 ns
[    0.320316] NET: Registered protocol family 2
[    0.321344] IP idents hash table entries: 65536 (order: 7, 524288 bytes)
[    0.323576] TCP established hash table entries: 32768 (order: 6, 262144 bytes)
[    0.324874] TCP bind hash table entries: 32768 (order: 7, 524288 bytes)
[    0.326075] TCP: Hash tables configured (established 32768 bind 32768)
[    0.328489] UDP hash table entries: 2048 (order: 4, 65536 bytes)
[    0.329522] UDP-Lite hash table entries: 2048 (order: 4, 65536 bytes)
[    0.330652] NET: Registered protocol family 1
[    0.331402] pci 0000:00:00.0: Limiting direct PCI/PCI transfers
[    0.332427] pci 0000:00:01.0: Activating ISA DMA hang workarounds
[    0.333812] pci 0000:00:02.0: Video device with shadowed ROM at [mem 0x000c0000-0x000dffff]
[    0.336477] Unpacking initramfs...
[    0.615249] Freeing initrd memory: 20392K
[    0.616385] clocksource: tsc: mask: 0xffffffffffffffff max_cycles: 0x22983777dd9, max_idle_ns: 440795300422 ns
[    0.618092] platform rtc_cmos: registered platform RTC device (no PNP device found)
[    0.619812] Scanning for low memory corruption every 60 seconds
[    0.621696] Initialise system trusted keyrings
[    0.622974] Key type blacklist registered
[    0.623723] workingset: timestamp_bits=36 max_order=20 bucket_order=0
[    0.625726] zbud: loaded
[    0.626548] squashfs: version 4.0 (2009/01/31) Phillip Lougher
[    0.627719] fuse init (API version 7.26)
[    0.629766] Key type asymmetric registered
[    0.631201] Asymmetric key parser 'x509' registered
[    0.632044] Block layer SCSI generic (bsg) driver version 0.4 loaded (major 246)
[    0.633787] io scheduler noop registered
[    0.637346] io scheduler deadline registered
[    0.638619] io scheduler cfq registered (default)
[    0.640226] ACPI: AC Adapter [AC] (off-line)
[    0.641170] input: Power Button as /devices/LNXSYSTM:00/LNXPWRBN:00/input/input0
[    0.642750] ACPI: Power Button [PWRF]
[    0.643580] input: Sleep Button as /devices/LNXSYSTM:00/LNXSLPBN:00/input/input1
[    0.644904] ACPI: Sleep Button [SLPF]
[    0.646806] ACPI: Battery Slot [BAT0] (battery present)
[    0.647834] Serial: 8250/16550 driver, 32 ports, IRQ sharing enabled
[    0.671426] 00:02: ttyS0 at I/O 0x3f8 (irq = 4, base_baud = 115200) is a 16550A
[    0.678262] Linux agpgart interface v0.103
[    0.680758] loop: module loaded
[    0.682508] scsi host0: ata_piix
[    0.683548] scsi host1: ata_piix
[    0.684694] ata1: PATA max UDMA/33 cmd 0x1f0 ctl 0x3f6 bmdma 0xd000 irq 14
[    0.687012] ata2: PATA max UDMA/33 cmd 0x170 ctl 0x376 bmdma 0xd008 irq 15
[    0.689016] tun: Universal TUN/TAP device driver, 1.6
[    0.690987] PPP generic driver version 2.4.2
[    0.692237] ehci_hcd: USB 2.0 'Enhanced' Host Controller (EHCI) Driver
[    0.693898] ehci-pci: EHCI PCI platform driver
[    0.695326] ehci-platform: EHCI generic platform driver
[    0.696888] ohci_hcd: USB 1.1 'Open' Host Controller (OHCI) Driver
[    0.698502] ohci-pci: OHCI PCI platform driver
[    0.700184] ohci-platform: OHCI generic platform driver
[    0.702073] uhci_hcd: USB Universal Host Controller Interface driver
[    0.703726] i8042: PNP: PS/2 Controller [PNP0303:PS2K,PNP0f03:PS2M] at 0x60,0x64 irq 1,12
[    0.706303] serio: i8042 KBD port at 0x60,0x64 irq 1
[    0.707563] serio: i8042 AUX port at 0x60,0x64 irq 12
[    0.709056] mousedev: PS/2 mouse device common for all mice
[    0.711139] input: AT Translated Set 2 keyboard as /devices/platform/i8042/serio0/input/input2
[    0.714167] rtc_cmos rtc_cmos: rtc core: registered rtc_cmos as rtc0
[    0.715840] rtc_cmos rtc_cmos: alarms up to one day, 114 bytes nvram
[    0.717740] i2c /dev entries driver
[    0.718693] device-mapper: uevent: version 1.0.3
[    0.719989] device-mapper: ioctl: 4.37.0-ioctl (2017-09-20) initialised: dm-devel@redhat.com
[    0.722442] ledtrig-cpu: registered to indicate activity on CPUs
[    0.724803] NET: Registered protocol family 10
[    0.729855] Segment Routing with IPv6
[    0.730992] NET: Registered protocol family 17
[    0.732511] Key type dns_resolver registered
[    0.733846] mce: Using 0 MCE banks
[    0.734795] RAS: Correctable Errors collector initialized.
[    0.736377] sched_clock: Marking stable (736358068, 0)->(925835581, -189477513)
[    0.738746] registered taskstats version 1
[    0.739819] Loading compiled-in X.509 certificates
[    0.743223] Loaded X.509 cert 'Build time autogenerated kernel key: b9e621348ccbcfe28d0c51e4c3b595dc856bdd44'
[    0.746289] Loaded X.509 cert 'Canonical Ltd. Live Patch Signing: 14df34d1a87cf37625abec039ef2bf521249b969'
[    0.749243] Loaded X.509 cert 'Canonical Ltd. Kernel Module Signing: 88f752e560a1e0737e31163a466ad7b70a850c19'
[    0.751687] blacklist: Loading compiled-in revocation X.509 certificates
[    0.753839] Loaded X.509 cert 'Canonical Ltd. Secure Boot Signing: 61482aa2830d0ab2ad5af10b7250da9033ddcef0'
[    0.756329] zswap: loaded using pool lzo/zbud
[    0.760643] Key type big_key registered
[    0.770447] Key type trusted registered
[    0.775732] Key type encrypted registered
[    0.798859] AppArmor: AppArmor sha1 policy hashing enabled
[    0.799857] ima: No TPM chip found, activating TPM-bypass! (rc=-19)
[    0.801334] ima: Allocated hash algorithm: sha1
[    0.802426] evm: HMAC attrs: 0x1
[    0.806582]   Magic number: 14:70:644
[    0.807380] rtc_cmos rtc_cmos: setting system clock to 2022-11-22 17:38:26 UTC (1669138706)
[    0.808980] BIOS EDD facility v0.16 2004-Jun-25, 0 devices found
[    0.810144] EDD information not available.
[    0.875484] Freeing unused kernel image memory: 2468K
[    0.888536] Write protecting the kernel read-only data: 20480k
[    0.891009] Freeing unused kernel image memory: 2008K
[    0.892345] Freeing unused kernel image memory: 1820K
[    0.901013] x86/mm: Checked W+X mappings: passed, no W+X pages found.
[    0.903153] x86/mm: Checking user space page tables
[    0.911388] x86/mm: Checked W+X mappings: passed, no W+X pages found.
Loading, please wait...
starting version 237
[    0.963870] e1000: Intel(R) PRO/1000 Network Driver - version 7.3.21-k8-NAPI
[    0.965967] e1000: Copyright (c) 1999-2006 Intel Corporation.
[    0.968562] Fusion MPT base driver 3.04.20
[    0.969460] Copyright (c) 1999-2008 LSI Corporation
[    0.974533] Fusion MPT SPI Host driver 3.04.20
[    0.989879] AVX2 version of gcm_enc/dec engaged.
[    1.008030] AES CTR mode by8 optimization enabled
[    1.181272] input: ImExPS/2 Generic Explorer Mouse as /devices/platform/i8042/serio1/input/input4
[    1.370782] e1000 0000:00:03.0 eth0: (PCI:33MHz:32-bit) 02:12:a5:46:f1:8c
[    1.373272] e1000 0000:00:03.0 eth0: Intel(R) PRO/1000 Network Connection
[    1.376233] mptbase: ioc0: Initiating bringup
[    1.472354] ioc0: LSI53C1030 A0: Capabilities={Initiator}
[    1.729838] scsi host2: ioc0: LSI53C1030 A0, FwRev=00000000h, Ports=1, MaxQ=256, IRQ=20
[    1.897689] scsi 2:0:0:0: Direct-Access     VBOX     HARDDISK         1.0  PQ: 0 ANSI: 5
[    1.954639] scsi target2:0:0: Beginning Domain Validation
[    1.958920] scsi target2:0:0: Domain Validation skipping write tests
[    1.961090] scsi target2:0:0: Ending Domain Validation
[    1.962619] scsi target2:0:0: asynchronous
[    1.964419] scsi 2:0:1:0: Direct-Access     VBOX     HARDDISK         1.0  PQ: 0 ANSI: 5
[    2.305146] scsi target2:0:1: Beginning Domain Validation
[    2.308376] random: fast init done
[    2.309736] scsi target2:0:1: Domain Validation skipping write tests
[    2.311643] scsi target2:0:1: Ending Domain Validation
[    2.313993] scsi target2:0:1: asynchronous
[    2.321004] random: systemd-udevd: uninitialized urandom read (16 bytes read)
[    2.321299] e1000 0000:00:08.0 eth1: (PCI:33MHz:32-bit) 08:00:27:01:6f:19
[    2.322741] random: systemd-udevd: uninitialized urandom read (16 bytes read)
[    2.324184] e1000 0000:00:08.0 eth1: Intel(R) PRO/1000 Network Connection
[    2.325455] random: systemd-udevd: uninitialized urandom read (16 bytes read)
[    2.326880] sd 2:0:0:0: Attached scsi generic sg0 type 0
[    2.329218] sd 2:0:1:0: Attached scsi generic sg1 type 0
[    2.330392] sd 2:0:0:0: [sda] 83886080 512-byte logical blocks: (42.9 GB/40.0 GiB)
[    2.331859] sd 2:0:1:0: [sdb] 20480 512-byte logical blocks: (10.5 MB/10.0 MiB)
[    2.333828] sd 2:0:0:0: [sda] Write Protect is off
[    2.334677] sd 2:0:1:0: [sdb] Write Protect is off
[    2.335635] sd 2:0:0:0: [sda] Incomplete mode parameter data
[    2.336876] sd 2:0:0:0: [sda] Assuming drive cache: write through
[    2.336922] sd 2:0:1:0: [sdb] Incomplete mode parameter data
[    2.339586] sd 2:0:1:0: [sdb] Assuming drive cache: write through
[    2.342285]  sda: sda1
[    2.343122] sd 2:0:1:0: [sdb] Attached SCSI disk
[    2.344524] sd 2:0:0:0: [sda] Attached SCSI disk
[    2.346171] e1000 0000:00:03.0 enp0s3: renamed from eth0
[    2.360547] e1000 0000:00:08.0 enp0s8: renamed from eth1
Begin: Loading essential drivers ... [    3.724571] raid6: sse2x1   gen() 13384 MB/s
[    3.772202] raid6: sse2x1   xor()  7740 MB/s
[    3.820111] raid6: sse2x2   gen() 16519 MB/s
[    3.868064] raid6: sse2x2   xor()  9802 MB/s
[    3.916107] raid6: sse2x4   gen() 17443 MB/s
[    3.964069] raid6: sse2x4   xor() 10943 MB/s
[    4.012073] raid6: avx2x1   gen() 28067 MB/s
[    4.060609] raid6: avx2x1   xor() 14030 MB/s
[    4.108071] raid6: avx2x2   gen() 32482 MB/s
[    4.156071] raid6: avx2x2   xor() 21930 MB/s
[    4.204265] raid6: avx2x4   gen() 37030 MB/s
[    4.252236] raid6: avx2x4   xor() 22452 MB/s
[    4.253421] raid6: using algorithm avx2x4 gen() 37030 MB/s
[    4.254424] raid6: .... xor() 22452 MB/s, rmw enabled
[    4.255527] raid6: using avx2x2 recovery algorithm
[    4.257744] xor: automatically using best checksumming function   avx       
[    4.260536] async_tx: api initialized (async)
done.
Begin: Running /scripts/init-premount ... done.
Begin: Mounting root file system ... Begin: Running /scripts/local-top ... done.
Begin: Running /scripts/local-premount ... [    4.302178] Btrfs loaded, crc32c=crc32c-intel
Scanning for Btrfs filesystems
done.
Begin: Will now check root file system ... fsck from util-linux 2.31.1
[/sbin/fsck.ext4 (1) -- /dev/sda1] fsck.ext4 -a -C0 /dev/sda1 
cloudimg-rootfs: clean, 173783/5120000 files, 3835162/10485499 blocks
done.
[    4.339397] EXT4-fs (sda1): mounted filesystem with ordered data mode. Opts: (null)
done.
Begin: Running /scripts/local-bottom ... done.
Begin: Running /scripts/init-bottom ... done.
[    4.513489] ip_tables: (C) 2000-2006 Netfilter Core Team
[    4.522665] systemd[1]: systemd 237 running in system mode. (+PAM +AUDIT +SELINUX +IMA +APPARMOR +SMACK +SYSVINIT +UTMP +LIBCRYPTSETUP +GCRYPT +GNUTLS +ACL +XZ +LZ4 +SECCOMP +BLKID +ELFUTILS +KMOD -IDN2 +IDN -PCRE2 default-hierarchy=hybrid)
[    4.526403] systemd[1]: Detected virtualization oracle.
[    4.527456] systemd[1]: Detected architecture x86-64.

Welcome to [1mUbuntu 18.04.6 LTS[0m!

[    4.532592] systemd[1]: Set hostname to <ibmcloudml>.
[    4.756792] systemd[1]: Started Forward Password Requests to Wall Directory Watch.
[[0;32m  OK  [0m] Started Forward Password Requests to Wall Directory Watch.
[    4.760584] systemd[1]: Created slice System Slice.
[[0;32m  OK  [0m] Created slice System Slice.
[    4.761949] systemd[1]: Listening on LVM2 poll daemon socket.
[[0;32m  OK  [0m] Listening on LVM2 poll daemon socket.
[    4.764104] systemd[1]: Listening on Journal Audit Socket.
[[0;32m  OK  [0m] Listening on Journal Audit Socket.
[    4.766206] systemd[1]: Listening on /dev/initctl Compatibility Named Pipe.
[[0;32m  OK  [0m] Listening on /dev/initctl Compatibility Named Pipe.
[    4.768563] systemd[1]: Created slice system-serial\x2dgetty.slice.
[[0;32m  OK  [0m] Created slice system-serial\x2dgetty.slice.
[[0;32m  OK  [0m] Reached target Swap.
[[0;32m  OK  [0m] Listening on udev Kernel Socket.
[[0;32m  OK  [0m] Listening on Syslog Socket.
[[0;32m  OK  [0m] Reached target System Time Synchronized.
[[0;32m  OK  [0m] Created slice User and Session Slice.
[[0;32m  OK  [0m] Listening on fsck to fsckd communication Socket.
[[0;32m  OK  [0m] Listening on Device-mapper event daemon FIFOs.
[[0;32m  OK  [0m] Reached target User and Group Name Lookups.
[[0;32m  OK  [0m] Listening on LVM2 metadata daemon socket.
[[0;32m  OK  [0m] Listening on Network Service Netlink Socket.
[[0;32m  OK  [0m] Reached target Slices.
[[0;32m  OK  [0m] Listening on Journal Socket (/dev/log).
[[0;32m  OK  [0m] Listening on Journal Socket.
         Mounting Huge Pages File System...
         Starting Journal Service...
         Starting Set the console keyboard layout...
         Mounting Kernel Debug File System...
         Starting Create list of required st…ce nodes for the current kernel...
         Starting Uncomplicated firewall...
         Starting Monitoring of LVM2 mirrors…ng dmeventd or progress polling...
         Starting Remount Root and Kernel File Systems...
         Starting Load Kernel Modules...
         Mounting POSIX Message Queue File System...
[[0;32m  OK  [0m] Listening on udev Control Socket.
         Starting udev Coldplug all Devices...
[[0;32m  OK  [0m] Set up automount Arbitrary Executab…rmats File System Automount Point.
[    4.881062] EXT4-fs (sda1): re-mounted. Opts: (null)
[    4.891343] Loading iSCSI transport class v2.0-870.
[    4.897093] iscsi: registered transport (tcp)
[[0;32m  OK  [0m] Started Journal Service.
[[0;32m  OK  [0m] Mounted Huge Pages File System.
[[0;32m  OK  [0m] Mounted Kernel Debug File System.
[[0;32m  OK  [0m] Started Create list of required sta…vice nodes for the current kernel.
[[0;32m  OK  [0m] Started Uncomplicated firewall.
[[0;32m  OK  [0m] Started Remount Root and Kernel File Systems.
[[0;32m  OK  [0m] Mounted POSIX Message Queue File System.
[[0;32m  OK  [0m] Started LVM2 metadata daemon.
         Starting Load/Save Random Seed...
[    4.961520] iscsi: registered transport (iser)
         Starting Create Static Device Nodes in /dev...
         Starting Flush Journal to Persistent Storage...
[[0;32m  OK  [0m] Started Load Kernel Modules.
[[0;32m  OK  [0m] Started udev Coldplug all Devices.
[[0;32m  OK  [0m] Started Load/Save Random Seed.
         Mounting Kernel Configuration File System...
         Mounting FUSE Control File System...
         Starting Apply Kernel Variables...
[[0;32m  OK  [0m] Started Monitoring of LVM2 mirrors,…sing dmeventd or progress polling.
[[0;32m  OK  [0m] Started Create Static Device Nodes in /dev.
[[0;32m  OK  [0m] Mounted Kernel Configuration File System.
[[0;32m  OK  [0m] Mounted FUSE Control File System.
         Starting udev Kernel Device Manager...
[    5.033072] systemd-journald[423]: Received request to flush runtime journal from PID 1
[[0;32m  OK  [0m] Started udev Kernel Device Manager.
[[0;32m  OK  [0m] Started Apply Kernel Variables.
[[0;32m  OK  [0m] Started Flush Journal to Persistent Storage.
[[0;32m  OK  [0m] Found device /dev/ttyS0.
[[0;32m  OK  [0m] Listening on Load/Save RF Kill Switch Status /dev/rfkill Watch.
         Mounting Arbitrary Executable File Formats File System...
[[0;32m  OK  [0m] Mounted Arbitrary Executable File Formats File System.
[[0;32m  OK  [0m] Started Set the console keyboard layout.
[[0;32m  OK  [0m] Started Dispatch Password Requests to Console Directory Watch.
[[0;32m  OK  [0m] Reached target Local Encrypted Volumes.
[[0;32m  OK  [0m] Reached target Local File Systems (Pre).
[[0;32m  OK  [0m] Reached target Local File Systems.
         Starting AppArmor initialization...
         Starting Create Volatile Files and Directories...
         Starting Tell Plymouth To Write Out Runtime Data...
         Starting Set console font and keymap...
         Starting ebtables ruleset management...
[[0;32m  OK  [0m] Started Create Volatile Files and Directories.
         Starting Update UTMP about System Boot/Shutdown...
[[0;32m  OK  [0m] Started Tell Plymouth To Write Out Runtime Data.
[[0;32m  OK  [0m] Started Set console font and keymap.
[[0;32m  OK  [0m] Started Update UTMP about System Boot/Shutdown.
[[0;32m  OK  [0m] Started ebtables ruleset management.
[[0;32m  OK  [0m] Started AppArmor initialization.
         Starting Initial cloud-init job (pre-networking)...
         Starting Load AppArmor profiles managed internally by snapd...
[[0;32m  OK  [0m] Started Load AppArmor profiles managed internally by snapd.
[    6.995692] cloud-init[740]: Cloud-init v. 22.3.4-0ubuntu1~18.04.1 running 'init-local' at Tue, 22 Nov 2022 17:38:32 +0000. Up 6.82 seconds.
[[0;32m  OK  [0m] Started Initial cloud-init job (pre-networking).
[[0;32m  OK  [0m] Reached target Network (Pre).
         Starting Network Service...
[[0;32m  OK  [0m] Started Network Service.
         Starting Wait for Network to be Configured...
         Starting Network Name Resolution...
[[0;32m  OK  [0m] Started Network Name Resolution.
[[0;32m  OK  [0m] Reached target Host and Network Name Lookups.
[[0;32m  OK  [0m] Reached target Network.
[[0;32m  OK  [0m] Started Wait for Network to be Configured.
         Starting Initial cloud-init job (metadata service crawler)...
[    9.304310] cloud-init[871]: Cloud-init v. 22.3.4-0ubuntu1~18.04.1 running 'init' at Tue, 22 Nov 2022 17:38:34 +0000. Up 9.20 seconds.
[    9.316277] cloud-init[871]: ci-info: ++++++++++++++++++++++++++++++++++++++Net device info+++++++++++++++++++++++++++++++++++++++
[    9.328206] cloud-init[871]: ci-info: +--------+------+-----------------------------+---------------+--------+-------------------+
[    9.329430] cloud-init[871]: ci-info: | Device |  Up  |           Address           |      Mask     | Scope  |     Hw-Address    |
[    9.331484] cloud-init[871]: ci-info: +--------+------+-----------------------------+---------------+--------+-------------------+
[    9.333195] cloud-init[871]: ci-info: | enp0s3 | True |          10.0.2.15          | 255.255.255.0 | global | 02:12:a5:46:f1:8c |
[    9.334967] cloud-init[871]: ci-info: | enp0s3 | True |  fe80::12:a5ff:fe46:f18c/64 |       .       |  link  | 02:12:a5:46:f1:8c |
[    9.336557] cloud-init[871]: ci-info: | enp0s8 | True |        192.168.33.10        | 255.255.255.0 | global | 08:00:27:01:6f:19 |
[    9.338400] cloud-init[871]: ci-info: | enp0s8 | True | fe80::a00:27ff:fe01:6f19/64 |       .       |  link  | 08:00:27:01:6f:19 |
[    9.348258] cloud-init[871]: ci-info: |   lo   | True |          127.0.0.1          |   255.0.0.0   |  host  |         .         |
[    9.349354] cloud-init[871]: ci-info: |   lo   | True |           ::1/128           |       .       |  host  |         .         |
[    9.350867] cloud-init[871]: ci-info: +--------+------+-----------------------------+---------------+--------+-------------------+
[    9.352491] cloud-init[871]: ci-info: +++++++++++++++++++++++++++++Route IPv4 info+++++++++++++++++++++++++++++
[    9.354134] cloud-init[871]: ci-info: +-------+--------------+----------+-----------------+-----------+-------+
[    9.364268] cloud-init[871]: ci-info: | Route | Destination  | Gateway  |     Genmask     | Interface | Flags |
[    9.376328] cloud-init[871]: ci-info: +-------+--------------+----------+-----------------+-----------+-------+
[    9.378561] cloud-init[871]: ci-info: |   0   |   0.0.0.0    | 10.0.2.2 |     0.0.0.0     |   enp0s3  |   UG  |
[    9.380080] cloud-init[871]: ci-info: |   1   |   10.0.2.0   | 0.0.0.0  |  255.255.255.0  |   enp0s3  |   U   |
[    9.392163] cloud-init[871]: ci-info: |   2   |   10.0.2.2   | 0.0.0.0  | 255.255.255.255 |   enp0s3  |   UH  |
[    9.393973] cloud-init[871]: ci-info: |   3   | 192.168.33.0 | 0.0.0.0  |  255.255.255.0  |   enp0s8  |   U   |
[    9.395392] cloud-init[871]: ci-info: +-------+--------------+----------+-----------------+-----------+-------+
[    9.397199] cloud-init[871]: ci-info: +++++++++++++++++++Route IPv6 info+++++++++++++++++++
[    9.398748] cloud-init[871]: ci-info: +-------+-------------+---------+-----------+-------+
[    9.400260] cloud-init[871]: ci-info: | Route | Destination | Gateway | Interface | Flags |
[    9.401697] cloud-init[871]: ci-info: +-------+-------------+---------+-----------+-------+
[    9.403289] cloud-init[871]: ci-info: |   1   |  fe80::/64  |    ::   |   enp0s8  |   U   |
[    9.418505] cloud-init[871]: ci-info: |   2   |  fe80::/64  |    ::   |   enp0s3  |   U   |
[    9.419664] cloud-init[871]: ci-info: |   4   |    local    |    ::   |   enp0s3  |   U   |
[    9.432265] cloud-init[871]: ci-info: |   5   |    local    |    ::   |   enp0s8  |   U   |
[    9.433709] cloud-init[871]: ci-info: |   6   |   ff00::/8  |    ::   |   enp0s8  |   U   |
[    9.444299] cloud-init[871]: ci-info: |   7   |   ff00::/8  |    ::   |   enp0s3  |   U   |
[    9.445184] cloud-init[871]: ci-info: +-------+-------------+---------+-----------+-------+
[[0;32m  OK  [0m] Started Initial cloud-init job (metadata service crawler).
[[0;32m  OK  [0m] Reached target System Initialization.
[[0;32m  OK  [0m] Listening on Open-iSCSI iscsid Socket.
[[0;32m  OK  [0m] Listening on UUID daemon activation socket.
[[0;32m  OK  [0m] Listening on cloud-init hotplug hook socket.
[[0;32m  OK  [0m] Started ACPI Events Check.
[[0;32m  OK  [0m] Reached target Paths.
[[0;32m  OK  [0m] Started Message of the Day.
         Starting LXD - unix socket.
[[0;32m  OK  [0m] Started Discard unused blocks once a week.
         Starting Socket activation for snappy daemon.
[[0;32m  OK  [0m] Started Daily Cleanup of Temporary Directories.
         Starting Docker Socket for the API.
[[0;32m  OK  [0m] Started Ubuntu Advantage Timer for running repeated jobs.
[[0;32m  OK  [0m] Started Daily apt download activities.
[[0;32m  OK  [0m] Started Daily apt upgrade and clean activities.
[[0;32m  OK  [0m] Reached target Timers.
[[0;32m  OK  [0m] Listening on D-Bus System Message Bus Socket.
[[0;32m  OK  [0m] Listening on ACPID Listen Socket.
[[0;32m  OK  [0m] Reached target Cloud-config availability.
[[0;32m  OK  [0m] Reached target Network is Online.
[[0;32m  OK  [0m] Reached target Remote File Systems (Pre).
         Mounting /vagrant...
         Starting Availability of block devices...
[[0;32m  OK  [0m] Listening on LXD - unix socket.
[[0;32m  OK  [0m] Listening on Socket activation for snappy daemon.
[[0;32m  OK  [0m] Listening on Docker Socket for the API.
[[0;32m  OK  [0m] Reached target Sockets.
[[0;32m  OK  [0m] Reached target Basic System.
[[0;32m  OK  [0m] Started irqbalance daemon.
[[0;32m  OK  [0m] Started FUSE filesystem for LXC.
[[0;32m  OK  [0m] Reached target Login Prompts (Pre).
[[0;32m  OK  [0m] Started Regular background program processing daemon.
[[0;32m  OK  [0m] Started Deferred execution scheduler.
[[0;32m  OK  [0m] Started D-Bus System Message Bus.
         Starting containerd container runtime...
         Starting Virtualbox guest utils...
         Starting Accounts Service...
         Starting Login Service...
         Starting LSB: Record successful boot for GRUB...
         Starting Message of the Day...
         Starting OpenBSD Secure Shell server...
         Starting Dispatcher daemon for systemd-networkd...
         Starting System Logging Service...
         Starting Snap Daemon...
         Starting LXD - container startup/shutdown...
[[0;32m  OK  [0m] Mounted /vagrant.
[[0;32m  OK  [0m] Started Availability of block devices.
[[0;32m  OK  [0m] Started System Logging Service.
[[0;32m  OK  [0m] Started Login Service.
[[0;32m  OK  [0m] Started Unattended Upgrades Shutdown.
         Starting Authorization Manager...
[[0;32m  OK  [0m] Reached target Remote File Systems.
         Starting LSB: automatic crash report generation...
         Starting LSB: VirtualBox Linux kernel module...
         Starting Permit User Sessions...
[[0;32m  OK  [0m] Started OpenBSD Secure Shell server.
[[0;32m  OK  [0m] Started Authorization Manager.
[[0;32m  OK  [0m] Started Accounts Service.
[[0;32m  OK  [0m] Started Permit User Sessions.
         Starting Terminate Plymouth Boot Screen...
         Starting Hold until boot process finishes up...
[[0;32m  OK  [0m] Started Hold until boot process finishes up.
[[0;32m  OK  [0m] Started Serial Getty on ttyS0.
         Starting Set console scheme...
[[0;32m  OK  [0m] Started Terminate Plymouth Boot Screen.
[[0;32m  OK  [0m] Started LSB: Record successful boot for GRUB.
[[0;32m  OK  [0m] Started Virtualbox guest utils.
[[0;32m  OK  [0m] Started Set console scheme.
[[0;32m  OK  [0m] Created slice system-getty.slice.
[[0;32m  OK  [0m] Started Getty on tty1.
[[0;32m  OK  [0m] Reached target Login Prompts.
[[0;32m  OK  [0m] Started LSB: automatic crash report generation.
[[0;32m  OK  [0m] Created slice User Slice of vagrant.
[[0;32m  OK  [0m] Started LXD - container startup/shutdown.
[[0;32m  OK  [0m] Started LSB: VirtualBox Linux kernel module.
[[0;32m  OK  [0m] Started Session 1 of user vagrant.
         Starting User Manager for UID 1000...
[[0;32m  OK  [0m] Started Dispatcher daemon for systemd-networkd.
[[0;32m  OK  [0m] Started User Manager for UID 1000.
[[0;32m  OK  [0m] Started containerd container runtime.
         Starting Docker Application Container Engine...
[[0;32m  OK  [0m] Started Snap Daemon.
         Starting Wait until snapd is fully seeded...
         Starting Time & Date Service...
[[0;32m  OK  [0m] Started Time & Date Service.
[[0;32m  OK  [0m] Started Wait until snapd is fully seeded.
         Starting Apply the settings specified in cloud-config...
[[0;32m  OK  [0m] Started Message of the Day.
[   12.954612] cloud-init[1500]: Cloud-init v. 22.3.4-0ubuntu1~18.04.1 running 'modules:config' at Tue, 22 Nov 2022 17:38:38 +0000. Up 12.78 seconds.
[[0;32m  OK  [0m] Started Apply the settings specified in cloud-config.
[[0;32m  OK  [0m] Started Docker Application Container Engine.
[[0;32m  OK  [0m] Reached target Multi-User System.
[[0;32m  OK  [0m] Reached target Graphical Interface.
         Starting Execute cloud user/final scripts...
         Starting Update UTMP about System Runlevel Changes...
[[0;32m  OK  [0m] Started Update UTMP about System Runlevel Changes.
[   14.201003] cloud-init[1834]: Cloud-init v. 22.3.4-0ubuntu1~18.04.1 running 'modules:final' at Tue, 22 Nov 2022 17:38:39 +0000. Up 14.08 seconds.
[   14.212268] cloud-init[1834]: Cloud-init v. 22.3.4-0ubuntu1~18.04.1 finished at Tue, 22 Nov 2022 17:38:39 +0000. Datasource DataSourceNoCloud [seed=/dev/sdb][dsmode=net].  Up 14.19 seconds
[[0;32m  OK  [0m] Started Execute cloud user/final scripts.
[[0;32m  OK  [0m] Reached target Cloud-init target.

Ubuntu 18.04.6 LTS ibmcloudml ttyS0

ibmcloudml login: 